<?xml version="1.0" encoding="UTF-8"?>
<!-- Generated by org.testng.reporters.JUnitXMLReporter -->
<testsuite ignored="0" hostname="DESKTOP-EVK9GMC" failures="0" tests="4" name="Default test" time="0.162" errors="0" timestamp="2021-03-25T20:20:40 IST">
  <testcase classname="testng.Test0" name="createProject" time="0.01"/>
  <testcase classname="testng.Test0" name="createcustomer" time="0.007"/>
  <testcase classname="testng.Test0" name="deletecustomer" time="0.004"/>
  <testcase classname="testng.Test0" name="deleteproject" time="0.005"/>
</testsuite> <!-- Default test -->
