<?xml version="1.0" encoding="UTF-8"?>
<!-- Generated by org.testng.reporters.JUnitXMLReporter -->
<testsuite ignored="1" hostname="DESKTOP-EVK9GMC" failures="0" tests="3" name="Test" time="0.125" errors="0" timestamp="2021-03-25T20:23:39 IST">
  <testcase classname="testng.Test0" name="createcustomer" time="0.022"/>
  <testcase classname="testng.Test0" name="deletecustomer" time="0.01"/>
  <testcase classname="testng.Test0" name="deleteproject" time="0.008"/>
  <testcase classname="testng.Test0" name="createProject" time="0.0">
    <ignored/>
  </testcase> <!-- createProject -->
</testsuite> <!-- Test -->
