<?xml version="1.0" encoding="UTF-8"?>
<testng-results ignored="1" total="4" passed="3" failed="0" skipped="0">
  <reporter-output>
    <line>
      <![CDATA[createcustomer]]>
    </line>
    <line>
      <![CDATA[hello]]>
    </line>
    <line>
      <![CDATA[deletecustomer]]>
    </line>
    <line>
      <![CDATA[createcustomer]]>
    </line>
    <line>
      <![CDATA[deleteproject]]>
    </line>
  </reporter-output>
  <suite started-at="2021-03-25T20:23:39 IST" name="Suite" finished-at="2021-03-25T20:23:39 IST" duration-ms="125">
    <groups>
      <group name="deletecustomer">
        <method signature="Test0.deletecustomer()[pri:0, instance:testng.Test0@757acd7b]" name="deletecustomer" class="testng.Test0"/>
      </group> <!-- deletecustomer -->
      <group name="smoke">
        <method signature="Test0.deleteproject()[pri:0, instance:testng.Test0@757acd7b]" name="deleteproject" class="testng.Test0"/>
      </group> <!-- smoke -->
      <group name="deleteproject">
        <method signature="Test0.deleteproject()[pri:0, instance:testng.Test0@757acd7b]" name="deleteproject" class="testng.Test0"/>
      </group> <!-- deleteproject -->
      <group name="createcustomer">
        <method signature="Test0.createcustomer()[pri:0, instance:testng.Test0@757acd7b]" name="createcustomer" class="testng.Test0"/>
      </group> <!-- createcustomer -->
    </groups>
    <test started-at="2021-03-25T20:23:39 IST" name="Test" finished-at="2021-03-25T20:23:39 IST" duration-ms="125">
      <class name="testng.Test0">
        <test-method signature="createcustomer()[pri:0, instance:testng.Test0@757acd7b]" started-at="2021-03-25T20:23:39 IST" name="createcustomer" finished-at="2021-03-25T20:23:39 IST" duration-ms="22" status="PASS">
          <reporter-output>
            <line>
              <![CDATA[createcustomer]]>
            </line>
            <line>
              <![CDATA[hello]]>
            </line>
          </reporter-output>
        </test-method> <!-- createcustomer -->
        <test-method signature="deletecustomer()[pri:0, instance:testng.Test0@757acd7b]" started-at="2021-03-25T20:23:39 IST" name="deletecustomer" finished-at="2021-03-25T20:23:39 IST" duration-ms="10" status="PASS">
          <reporter-output>
            <line>
              <![CDATA[deletecustomer]]>
            </line>
            <line>
              <![CDATA[createcustomer]]>
            </line>
          </reporter-output>
        </test-method> <!-- deletecustomer -->
        <test-method signature="deleteproject()[pri:0, instance:testng.Test0@757acd7b]" started-at="2021-03-25T20:23:39 IST" name="deleteproject" finished-at="2021-03-25T20:23:39 IST" duration-ms="8" status="PASS">
          <reporter-output>
            <line>
              <![CDATA[deleteproject]]>
            </line>
          </reporter-output>
        </test-method> <!-- deleteproject -->
      </class> <!-- testng.Test0 -->
    </test> <!-- Test -->
  </suite> <!-- Suite -->
</testng-results>
